<?xml version="1.0" encoding="UTF-8"?>
<!-- Generated by org.testng.reporters.JUnitReportReporter -->
<testsuite hostname="MohammedAkhtar-PC" failures="0" tests="1" name="rahulshettyacademy.tests.LoginValidationTest" time="9.989" errors="0" timestamp="2024-09-13T23:07:45 IST" skipped="0">
  <testcase classname="rahulshettyacademy.tests.LoginValidationTest" name="loginValidation" time="9.989"/>
</testsuite> <!-- rahulshettyacademy.tests.LoginValidationTest -->
