<?xml version="1.0" encoding="UTF-8"?>
<!-- Generated by org.testng.reporters.JUnitReportReporter -->
<testsuite hostname="MohammedAkhtar-PC" failures="0" tests="2" name="rahulshettyacademy.tests.ErrorValidationTest" time="25.722" errors="0" timestamp="2024-09-14T18:18:29 IST" skipped="0">
  <testcase classname="rahulshettyacademy.tests.ErrorValidationTest" name="productErrorValidation" time="19.427"/>
  <testcase classname="rahulshettyacademy.tests.ErrorValidationTest" name="loginValidation" time="6.295"/>
</testsuite> <!-- rahulshettyacademy.tests.ErrorValidationTest -->
